<?xml version="1.0" encoding="UTF-8"?>
<testng-results ignored="0" total="1" passed="1" failed="0" skipped="0">
  <reporter-output>
  </reporter-output>
  <suite started-at="2024-05-27T12:07:29Z" name="Suite1" finished-at="2024-05-27T12:07:38Z" duration-ms="9356">
    <groups>
    </groups>
    <test started-at="2024-05-27T12:07:29Z" name="Test" finished-at="2024-05-27T12:07:38Z" duration-ms="9356">
      <class name="com.tc_awc.functionaltestcases.AWC_Login">
        <test-method is-config="true" signature="LaunchApplication()[pri:0, instance:com.tc_awc.functionaltestcases.AWC_Login@1e4f4a5c]" started-at="2024-05-27T12:07:29Z" name="LaunchApplication" finished-at="2024-05-27T12:07:31Z" duration-ms="1823" status="PASS">
          <reporter-output>
          </reporter-output>
        </test-method> <!-- LaunchApplication -->
        <test-method signature="Incorrect_login()[pri:0, instance:com.tc_awc.functionaltestcases.AWC_Login@1e4f4a5c]" started-at="2024-05-27T12:07:31Z" name="Incorrect_login" finished-at="2024-05-27T12:07:38Z" duration-ms="7044" status="PASS">
          <reporter-output>
          </reporter-output>
        </test-method> <!-- Incorrect_login -->
        <test-method is-config="true" signature="tearDown()[pri:0, instance:com.tc_awc.functionaltestcases.AWC_Login@1e4f4a5c]" started-at="2024-05-27T12:07:38Z" name="tearDown" finished-at="2024-05-27T12:07:38Z" duration-ms="223" status="PASS">
          <reporter-output>
          </reporter-output>
        </test-method> <!-- tearDown -->
      </class> <!-- com.tc_awc.functionaltestcases.AWC_Login -->
    </test> <!-- Test -->
  </suite> <!-- Suite1 -->
</testng-results>
